
---ENCODED---
10011001
---FULL-DECODED---
10011001
---DECODED---
1001
---ENCODED---
10101010
---FULL-DECODED---
10101010
---DECODED---
1010
---ENCODED---
00110011
---FULL-DECODED---
00110011
---DECODED---
0011
---ENCODED---
11001100
---FULL-DECODED---
11001100
---DECODED---
1100
---ENCODED---
01111000
---FULL-DECODED---
01111000
---DECODED---
1000
---ENCODED---
01010101
---FULL-DECODED---
01010101
---DECODED---
0101
---ENCODED---
01111000
---FULL-DECODED---
01111000
---DECODED---
1000
---ENCODED---
01001011
---FULL-DECODED---
01001011
---DECODED---
1011
---ENCODED---
11010010
---FULL-DECODED---
11010010
---DECODED---
0010
---ENCODED---
11001100
---FULL-DECODED---
11001100
---DECODED---
1100
---ENCODED---
01111000
---FULL-DECODED---
01111000
---DECODED---
1000
---ENCODED---
01010101
---FULL-DECODED---
01010101
---DECODED---
0101
---ENCODED---
00000000
---FULL-DECODED---
00000000
---DECODED---
0000
---ENCODED---
10011001
---FULL-DECODED---
10011001
---DECODED---
1001
---ENCODED---
10000111
---FULL-DECODED---
10000111
---DECODED---
0111
---ENCODED---
01111000
---FULL-DECODED---
01111000
---DECODED---
1000
---ENCODED---
10011001
---FULL-DECODED---
10011001
---DECODED---
1001
---ENCODED---
11100001
---FULL-DECODED---
11100001
---DECODED---
0001
---ENCODED---
01010101
---FULL-DECODED---
01010101
---DECODED---
0101
---ENCODED---
10110100
---FULL-DECODED---
10110100
---DECODED---
0100
---ENCODED---
00000000
---FULL-DECODED---
00000000
---DECODED---
0000
---ENCODED---
10011001
---FULL-DECODED---
10011001
---DECODED---
1001
---ENCODED---
10011001
---FULL-DECODED---
10011001
---DECODED---
1001
---ENCODED---
00011110
---FULL-DECODED---
00011110
---DECODED---
1110
---ENCODED---
11001100
---FULL-DECODED---
11001100
---DECODED---
1100
---ENCODED---
01111000
---FULL-DECODED---
01111000
---DECODED---
1000
---ENCODED---
01010101
---FULL-DECODED---
01010101
---DECODED---
0101
---ENCODED---
01010101
---FULL-DECODED---
01010101
---DECODED---
0101
---ENCODED---
10110100
---FULL-DECODED---
10110100
---DECODED---
0100
---ENCODED---
00000000
---FULL-DECODED---
00000000
---DECODED---
0000
---ENCODED---
10110100
---FULL-DECODED---
10110100
---DECODED---
0100
---ENCODED---
10011001
---FULL-DECODED---
10011001
---DECODED---
1001
---ENCODED---
00101101
---FULL-DECODED---
00101101
---DECODED---
1101
---ENCODED---
01111000
---FULL-DECODED---
01111000
---DECODED---
1000
---ENCODED---
01111000
---FULL-DECODED---
01111000
---DECODED---
1000
---ENCODED---
11111111
---FULL-DECODED---
11111111
---DECODED---
1111
---ENCODED---
01010101
---FULL-DECODED---
01010101
---DECODED---
0101
---ENCODED---
01111000
---FULL-DECODED---
01111000
---DECODED---
1000
---ENCODED---
11001100
---FULL-DECODED---
11001100
---DECODED---
1100
---ENCODED---
10110100
---FULL-DECODED---
10110100
---DECODED---
0100
---ENCODED---
01111000
---FULL-DECODED---
01111000
---DECODED---
1000
---ENCODED---
00110011
---FULL-DECODED---
00110011
---DECODED---
0011
---ENCODED---
11100001
---FULL-DECODED---
11100001
---DECODED---
0001
---ENCODED---
10011001
---FULL-DECODED---
10011001
---DECODED---
1001
---ENCODED---
01111000
---FULL-DECODED---
01111000
---DECODED---
1000
---ENCODED---
00000000
---FULL-DECODED---
00000000
---DECODED---
0000
---ENCODED---
01111000
---FULL-DECODED---
01111000
---DECODED---
1000
---ENCODED---
10011001
---FULL-DECODED---
10011001
---DECODED---
1001
---ENCODED---
01010101
---FULL-DECODED---
01010101
---DECODED---
0101
---ENCODED---
10110100
---FULL-DECODED---
10110100
---DECODED---
0100
---ENCODED---
00000000
---FULL-DECODED---
00000000
---DECODED---
0000
---ENCODED---
01010101
---FULL-DECODED---
01010101
---DECODED---
0101
---ENCODED---
10011001
---FULL-DECODED---
10011001
---DECODED---
1001
---ENCODED---
11010010
---FULL-DECODED---
11010010
---DECODED---
0010
---ENCODED---
01010101
---FULL-DECODED---
01010101
---DECODED---
0101
---ENCODED---
01111000
---FULL-DECODED---
01111000
---DECODED---
1000
---ENCODED---
11001100
---FULL-DECODED---
11001100
---DECODED---
1100
---ENCODED---
00000000
---FULL-DECODED---
00000000
---DECODED---
0000
---ENCODED---
01111000
---FULL-DECODED---
01111000
---DECODED---
1000
---ENCODED---
10011001
---FULL-DECODED---
10011001
---DECODED---
1001
---ENCODED---
10011001
---FULL-DECODED---
10011001
---DECODED---
1001
---ENCODED---
10011001
---FULL-DECODED---
10011001
---DECODED---
1001
---ENCODED---
00011110
---FULL-DECODED---
00011110
---DECODED---
1110
---ENCODED---
01010101
---FULL-DECODED---
01010101
---DECODED---
0101
---ENCODED---
10110100
---FULL-DECODED---
10110100
---DECODED---
0100
---ENCODED---
00000000
---FULL-DECODED---
00000000
---DECODED---
0000